<?xml version="1.0" encoding="UTF-8"?>
<coverage generated="1554808211">
  <project timestamp="1554808211">
    <package name="AbterPhp\Files\Authorization">
      <file name="/website/src/Authorization/FileCategoryProvider.php">
        <class name="AbterPhp\Files\Authorization\FileCategoryProvider" namespace="AbterPhp\Files\Authorization">
          <metrics complexity="5" methods="5" coveredmethods="0" conditionals="0" coveredconditionals="0" statements="8" coveredstatements="0" elements="13" coveredelements="0"/>
        </class>
        <line num="24" type="method" name="__construct" visibility="public" complexity="1" crap="2" count="0"/>
        <line num="26" type="stmt" count="0"/>
        <line num="27" type="stmt" count="0"/>
        <line num="28" type="stmt" count="0"/>
        <line num="37" type="method" name="savePolicy" visibility="public" complexity="1" crap="2" count="0"/>
        <line num="39" type="stmt" count="0"/>
        <line num="51" type="method" name="addPolicy" visibility="public" complexity="1" crap="2" count="0"/>
        <line num="53" type="stmt" count="0"/>
        <line num="65" type="method" name="removePolicy" visibility="public" complexity="1" crap="2" count="0"/>
        <line num="67" type="stmt" count="0"/>
        <line num="69" type="stmt" count="0"/>
        <line num="82" type="method" name="removeFilteredPolicy" visibility="public" complexity="1" crap="2" count="0"/>
        <line num="84" type="stmt" count="0"/>
        <metrics loc="86" ncloc="46" classes="1" methods="5" coveredmethods="0" conditionals="0" coveredconditionals="0" statements="8" coveredstatements="0" elements="13" coveredelements="0"/>
      </file>
    </package>
    <package name="AbterPhp\Files\Constant">
      <file name="/website/src/Constant/Authorization.php">
        <class name="AbterPhp\Files\Constant\Authorization" namespace="AbterPhp\Files\Constant">
          <metrics complexity="0" methods="0" coveredmethods="0" conditionals="0" coveredconditionals="0" statements="0" coveredstatements="0" elements="0" coveredelements="0"/>
        </class>
        <metrics loc="12" ncloc="12" classes="0" methods="0" coveredmethods="0" conditionals="0" coveredconditionals="0" statements="0" coveredstatements="0" elements="0" coveredelements="0"/>
      </file>
      <file name="/website/src/Constant/Routes.php">
        <class name="AbterPhp\Files\Constant\Routes" namespace="AbterPhp\Files\Constant">
          <metrics complexity="0" methods="0" coveredmethods="0" conditionals="0" coveredconditionals="0" statements="0" coveredstatements="0" elements="0" coveredelements="0"/>
        </class>
        <metrics loc="39" ncloc="39" classes="0" methods="0" coveredmethods="0" conditionals="0" coveredconditionals="0" statements="0" coveredstatements="0" elements="0" coveredelements="0"/>
      </file>
    </package>
    <package name="AbterPhp\Files\Databases\Migrations">
      <file name="/website/src/Databases/Migrations/Init.php">
        <class name="AbterPhp\Files\Databases\Migrations\Init" namespace="AbterPhp\Files\Databases\Migrations">
          <metrics complexity="4" methods="4" coveredmethods="0" conditionals="0" coveredconditionals="0" statements="12" coveredstatements="0" elements="16" coveredelements="0"/>
        </class>
        <line num="22" type="method" name="__construct" visibility="public" complexity="1" crap="2" count="0"/>
        <line num="24" type="stmt" count="0"/>
        <line num="26" type="stmt" count="0"/>
        <line num="27" type="stmt" count="0"/>
        <line num="34" type="method" name="getCreationDate" visibility="public" complexity="1" crap="2" count="0"/>
        <line num="36" type="stmt" count="0"/>
        <line num="42" type="method" name="down" visibility="public" complexity="1" crap="2" count="0"/>
        <line num="44" type="stmt" count="0"/>
        <line num="45" type="stmt" count="0"/>
        <line num="46" type="stmt" count="0"/>
        <line num="47" type="stmt" count="0"/>
        <line num="52" type="method" name="up" visibility="public" complexity="1" crap="2" count="0"/>
        <line num="54" type="stmt" count="0"/>
        <line num="55" type="stmt" count="0"/>
        <line num="56" type="stmt" count="0"/>
        <line num="57" type="stmt" count="0"/>
        <metrics loc="58" ncloc="41" classes="1" methods="4" coveredmethods="0" conditionals="0" coveredconditionals="0" statements="12" coveredstatements="0" elements="16" coveredelements="0"/>
      </file>
    </package>
    <package name="AbterPhp\Files\Databases\Queries">
      <file name="/website/src/Databases/Queries/FileCategoryAuthLoader.php">
        <class name="AbterPhp\Files\Databases\Queries\FileCategoryAuthLoader" namespace="AbterPhp\Files\Databases\Queries">
          <metrics complexity="3" methods="2" coveredmethods="1" conditionals="0" coveredconditionals="0" statements="13" coveredstatements="12" elements="15" coveredelements="13"/>
        </class>
        <line num="21" type="method" name="__construct" visibility="public" complexity="1" crap="1" count="1"/>
        <line num="23" type="stmt" count="1"/>
        <line num="24" type="stmt" count="1"/>
        <line num="29" type="method" name="loadAll" visibility="public" complexity="2" crap="2.00" count="1"/>
        <line num="31" type="stmt" count="1"/>
        <line num="32" type="stmt" count="1"/>
        <line num="33" type="stmt" count="1"/>
        <line num="34" type="stmt" count="1"/>
        <line num="35" type="stmt" count="1"/>
        <line num="38" type="stmt" count="1"/>
        <line num="39" type="stmt" count="1"/>
        <line num="40" type="stmt" count="1"/>
        <line num="41" type="stmt" count="1"/>
        <line num="42" type="stmt" count="0"/>
        <line num="45" type="stmt" count="1"/>
        <metrics loc="47" ncloc="38" classes="1" methods="2" coveredmethods="1" conditionals="0" coveredconditionals="0" statements="13" coveredstatements="12" elements="15" coveredelements="13"/>
      </file>
    </package>
    <package name="AbterPhp\Files\Domain\Entities">
      <file name="/website/src/Domain/Entities/File.php">
        <class name="AbterPhp\Files\Domain\Entities\File" namespace="AbterPhp\Files\Domain\Entities">
          <metrics complexity="21" methods="18" coveredmethods="6" conditionals="0" coveredconditionals="0" statements="37" coveredstatements="16" elements="55" coveredelements="22"/>
        </class>
        <line num="51" type="method" name="__construct" visibility="public" complexity="2" crap="2" count="13"/>
        <line num="60" type="stmt" count="13"/>
        <line num="61" type="stmt" count="13"/>
        <line num="62" type="stmt" count="13"/>
        <line num="63" type="stmt" count="13"/>
        <line num="64" type="stmt" count="13"/>
        <line num="65" type="stmt" count="13"/>
        <line num="66" type="stmt" count="13"/>
        <line num="67" type="stmt" count="13"/>
        <line num="68" type="stmt" count="13"/>
        <line num="73" type="method" name="getId" visibility="public" complexity="1" crap="1" count="12"/>
        <line num="75" type="stmt" count="12"/>
        <line num="81" type="method" name="setId" visibility="public" complexity="1" crap="2" count="0"/>
        <line num="83" type="stmt" count="0"/>
        <line num="84" type="stmt" count="0"/>
        <line num="89" type="method" name="getFilesystemName" visibility="public" complexity="1" crap="1" count="9"/>
        <line num="91" type="stmt" count="9"/>
        <line num="99" type="method" name="setFilesystemName" visibility="public" complexity="1" crap="2" count="0"/>
        <line num="101" type="stmt" count="0"/>
        <line num="103" type="stmt" count="0"/>
        <line num="109" type="method" name="getOldFilesystemName" visibility="public" complexity="1" crap="2" count="0"/>
        <line num="111" type="stmt" count="0"/>
        <line num="117" type="method" name="isFileUploaded" visibility="public" complexity="1" crap="2" count="0"/>
        <line num="119" type="stmt" count="0"/>
        <line num="125" type="method" name="getPublicName" visibility="public" complexity="1" crap="1" count="9"/>
        <line num="127" type="stmt" count="9"/>
        <line num="135" type="method" name="setPublicName" visibility="public" complexity="1" crap="2" count="0"/>
        <line num="137" type="stmt" count="0"/>
        <line num="139" type="stmt" count="0"/>
        <line num="145" type="method" name="getDescription" visibility="public" complexity="1" crap="1" count="5"/>
        <line num="147" type="stmt" count="5"/>
        <line num="155" type="method" name="setDescription" visibility="public" complexity="1" crap="2" count="0"/>
        <line num="157" type="stmt" count="0"/>
        <line num="159" type="stmt" count="0"/>
        <line num="165" type="method" name="getCategory" visibility="public" complexity="2" crap="2.15" count="5"/>
        <line num="167" type="stmt" count="5"/>
        <line num="168" type="stmt" count="0"/>
        <line num="171" type="stmt" count="5"/>
        <line num="179" type="method" name="setCategory" visibility="public" complexity="1" crap="2" count="0"/>
        <line num="181" type="stmt" count="0"/>
        <line num="183" type="stmt" count="0"/>
        <line num="189" type="method" name="getUploadedAt" visibility="public" complexity="1" crap="1" count="5"/>
        <line num="191" type="stmt" count="5"/>
        <line num="199" type="method" name="setUploadedAt" visibility="public" complexity="1" crap="2" count="0"/>
        <line num="201" type="stmt" count="0"/>
        <line num="203" type="stmt" count="0"/>
        <line num="209" type="method" name="isWritable" visibility="public" complexity="1" crap="2" count="0"/>
        <line num="211" type="stmt" count="0"/>
        <line num="217" type="method" name="setWritable" visibility="public" complexity="1" crap="2" count="0"/>
        <line num="219" type="stmt" count="0"/>
        <line num="221" type="stmt" count="0"/>
        <line num="227" type="method" name="__toString" visibility="public" complexity="2" crap="6" count="0"/>
        <line num="229" type="stmt" count="0"/>
        <line num="230" type="stmt" count="0"/>
        <line num="233" type="stmt" count="0"/>
        <metrics loc="235" ncloc="153" classes="1" methods="18" coveredmethods="6" conditionals="0" coveredconditionals="0" statements="37" coveredstatements="16" elements="55" coveredelements="22"/>
      </file>
      <file name="/website/src/Domain/Entities/FileCategory.php">
        <class name="AbterPhp\Files\Domain\Entities\FileCategory" namespace="AbterPhp\Files\Domain\Entities">
          <metrics complexity="12" methods="12" coveredmethods="6" conditionals="0" coveredconditionals="0" statements="22" coveredstatements="11" elements="34" coveredelements="17"/>
        </class>
        <line num="34" type="method" name="__construct" visibility="public" complexity="1" crap="1" count="15"/>
        <line num="36" type="stmt" count="15"/>
        <line num="37" type="stmt" count="15"/>
        <line num="38" type="stmt" count="15"/>
        <line num="39" type="stmt" count="15"/>
        <line num="40" type="stmt" count="15"/>
        <line num="41" type="stmt" count="15"/>
        <line num="46" type="method" name="getId" visibility="public" complexity="1" crap="1" count="14"/>
        <line num="48" type="stmt" count="14"/>
        <line num="54" type="method" name="setId" visibility="public" complexity="1" crap="2" count="0"/>
        <line num="56" type="stmt" count="0"/>
        <line num="57" type="stmt" count="0"/>
        <line num="62" type="method" name="getIdentifier" visibility="public" complexity="1" crap="1" count="8"/>
        <line num="64" type="stmt" count="8"/>
        <line num="72" type="method" name="setIdentifier" visibility="public" complexity="1" crap="2" count="0"/>
        <line num="74" type="stmt" count="0"/>
        <line num="76" type="stmt" count="0"/>
        <line num="83" type="method" name="getName" visibility="public" complexity="1" crap="1" count="12"/>
        <line num="85" type="stmt" count="12"/>
        <line num="93" type="method" name="setName" visibility="public" complexity="1" crap="2" count="0"/>
        <line num="95" type="stmt" count="0"/>
        <line num="97" type="stmt" count="0"/>
        <line num="103" type="method" name="isPublic" visibility="public" complexity="1" crap="1" count="7"/>
        <line num="105" type="stmt" count="7"/>
        <line num="113" type="method" name="setIsPublic" visibility="public" complexity="1" crap="2" count="0"/>
        <line num="115" type="stmt" count="0"/>
        <line num="117" type="stmt" count="0"/>
        <line num="123" type="method" name="getUserGroups" visibility="public" complexity="1" crap="1" count="4"/>
        <line num="125" type="stmt" count="4"/>
        <line num="133" type="method" name="setUserGroups" visibility="public" complexity="1" crap="2" count="0"/>
        <line num="135" type="stmt" count="0"/>
        <line num="137" type="stmt" count="0"/>
        <line num="143" type="method" name="__toString" visibility="public" complexity="1" crap="2" count="0"/>
        <line num="145" type="stmt" count="0"/>
        <metrics loc="147" ncloc="94" classes="1" methods="12" coveredmethods="6" conditionals="0" coveredconditionals="0" statements="22" coveredstatements="11" elements="34" coveredelements="17"/>
      </file>
      <file name="/website/src/Domain/Entities/FileDownload.php">
        <class name="AbterPhp\Files\Domain\Entities\FileDownload" namespace="AbterPhp\Files\Domain\Entities">
          <metrics complexity="8" methods="7" coveredmethods="5" conditionals="0" coveredconditionals="0" statements="12" coveredstatements="9" elements="19" coveredelements="14"/>
        </class>
        <line num="33" type="method" name="__construct" visibility="public" complexity="2" crap="2" count="7"/>
        <line num="35" type="stmt" count="7"/>
        <line num="36" type="stmt" count="7"/>
        <line num="37" type="stmt" count="7"/>
        <line num="38" type="stmt" count="7"/>
        <line num="39" type="stmt" count="7"/>
        <line num="44" type="method" name="getId" visibility="public" complexity="1" crap="1" count="7"/>
        <line num="46" type="stmt" count="7"/>
        <line num="52" type="method" name="setId" visibility="public" complexity="1" crap="2" count="0"/>
        <line num="54" type="stmt" count="0"/>
        <line num="55" type="stmt" count="0"/>
        <line num="60" type="method" name="getFile" visibility="public" complexity="1" crap="1" count="6"/>
        <line num="62" type="stmt" count="6"/>
        <line num="68" type="method" name="getUser" visibility="public" complexity="1" crap="1" count="6"/>
        <line num="70" type="stmt" count="6"/>
        <line num="76" type="method" name="getDownloadedAt" visibility="public" complexity="1" crap="1" count="6"/>
        <line num="78" type="stmt" count="6"/>
        <line num="84" type="method" name="__toString" visibility="public" complexity="1" crap="2" count="0"/>
        <line num="86" type="stmt" count="0"/>
        <metrics loc="88" ncloc="60" classes="1" methods="7" coveredmethods="5" conditionals="0" coveredconditionals="0" statements="12" coveredstatements="9" elements="19" coveredelements="14"/>
      </file>
    </package>
    <package name="AbterPhp\Files\Events\Listeners">
      <file name="/website/src/Events/Listeners/AuthInitializer.php">
        <class name="AbterPhp\Files\Events\Listeners\AuthInitializer" namespace="AbterPhp\Files\Events\Listeners">
          <metrics complexity="2" methods="2" coveredmethods="0" conditionals="0" coveredconditionals="0" statements="4" coveredstatements="0" elements="6" coveredelements="0"/>
        </class>
        <line num="20" type="method" name="__construct" visibility="public" complexity="1" crap="2" count="0"/>
        <line num="22" type="stmt" count="0"/>
        <line num="23" type="stmt" count="0"/>
        <line num="28" type="method" name="handle" visibility="public" complexity="1" crap="2" count="0"/>
        <line num="30" type="stmt" count="0"/>
        <line num="31" type="stmt" count="0"/>
        <metrics loc="32" ncloc="23" classes="1" methods="2" coveredmethods="0" conditionals="0" coveredconditionals="0" statements="4" coveredstatements="0" elements="6" coveredelements="0"/>
      </file>
      <file name="/website/src/Events/Listeners/AuthInvalidator.php">
        <class name="AbterPhp\Files\Events\Listeners\AuthInvalidator" namespace="AbterPhp\Files\Events\Listeners">
          <metrics complexity="3" methods="2" coveredmethods="0" conditionals="0" coveredconditionals="0" statements="6" coveredstatements="0" elements="8" coveredelements="0"/>
        </class>
        <line num="21" type="method" name="__construct" visibility="public" complexity="1" crap="2" count="0"/>
        <line num="23" type="stmt" count="0"/>
        <line num="24" type="stmt" count="0"/>
        <line num="29" type="method" name="handle" visibility="public" complexity="2" crap="6" count="0"/>
        <line num="31" type="stmt" count="0"/>
        <line num="33" type="stmt" count="0"/>
        <line num="34" type="stmt" count="0"/>
        <line num="36" type="stmt" count="0"/>
        <metrics loc="37" ncloc="28" classes="1" methods="2" coveredmethods="0" conditionals="0" coveredconditionals="0" statements="6" coveredstatements="0" elements="8" coveredelements="0"/>
      </file>
      <file name="/website/src/Events/Listeners/DashboardBuilder.php">
        <class name="AbterPhp\Files\Events\Listeners\DashboardBuilder" namespace="AbterPhp\Files\Events\Listeners">
          <metrics complexity="1" methods="1" coveredmethods="0" conditionals="0" coveredconditionals="0" statements="2" coveredstatements="0" elements="3" coveredelements="0"/>
        </class>
        <line num="17" type="method" name="handle" visibility="public" complexity="1" crap="2" count="0"/>
        <line num="19" type="stmt" count="0"/>
        <line num="20" type="stmt" count="0"/>
        <metrics loc="21" ncloc="18" classes="1" methods="1" coveredmethods="0" conditionals="0" coveredconditionals="0" statements="2" coveredstatements="0" elements="3" coveredelements="0"/>
      </file>
      <file name="/website/src/Events/Listeners/NavigationBuilder.php">
        <class name="AbterPhp\Files\Events\Listeners\NavigationBuilder" namespace="AbterPhp\Files\Events\Listeners">
          <metrics complexity="7" methods="6" coveredmethods="0" conditionals="0" coveredconditionals="0" statements="28" coveredstatements="0" elements="34" coveredelements="0"/>
        </class>
        <line num="26" type="method" name="__construct" visibility="public" complexity="1" crap="2" count="0"/>
        <line num="28" type="stmt" count="0"/>
        <line num="29" type="stmt" count="0"/>
        <line num="34" type="method" name="handle" visibility="public" complexity="2" crap="6" count="0"/>
        <line num="36" type="stmt" count="0"/>
        <line num="38" type="stmt" count="0"/>
        <line num="39" type="stmt" count="0"/>
        <line num="42" type="stmt" count="0"/>
        <line num="43" type="stmt" count="0"/>
        <line num="44" type="stmt" count="0"/>
        <line num="45" type="stmt" count="0"/>
        <line num="50" type="method" name="addFileCategories" visibility="protected" complexity="1" crap="2" count="0"/>
        <line num="52" type="stmt" count="0"/>
        <line num="53" type="stmt" count="0"/>
        <line num="55" type="stmt" count="0"/>
        <line num="56" type="stmt" count="0"/>
        <line num="58" type="stmt" count="0"/>
        <line num="59" type="stmt" count="0"/>
        <line num="64" type="method" name="addFiles" visibility="protected" complexity="1" crap="2" count="0"/>
        <line num="66" type="stmt" count="0"/>
        <line num="67" type="stmt" count="0"/>
        <line num="69" type="stmt" count="0"/>
        <line num="70" type="stmt" count="0"/>
        <line num="72" type="stmt" count="0"/>
        <line num="73" type="stmt" count="0"/>
        <line num="78" type="method" name="addFileDownloads" visibility="protected" complexity="1" crap="2" count="0"/>
        <line num="80" type="stmt" count="0"/>
        <line num="81" type="stmt" count="0"/>
        <line num="83" type="stmt" count="0"/>
        <line num="84" type="stmt" count="0"/>
        <line num="86" type="stmt" count="0"/>
        <line num="87" type="stmt" count="0"/>
        <line num="94" type="method" name="getAdminResource" visibility="protected" complexity="1" crap="2" count="0"/>
        <line num="96" type="stmt" count="0"/>
        <metrics loc="98" ncloc="75" classes="1" methods="6" coveredmethods="0" conditionals="0" coveredconditionals="0" statements="28" coveredstatements="0" elements="34" coveredelements="0"/>
      </file>
      <file name="/website/src/Events/Listeners/TemplateInitializer.php">
        <class name="AbterPhp\Files\Events\Listeners\TemplateInitializer" namespace="AbterPhp\Files\Events\Listeners">
          <metrics complexity="2" methods="2" coveredmethods="0" conditionals="0" coveredconditionals="0" statements="4" coveredstatements="0" elements="6" coveredelements="0"/>
        </class>
        <line num="23" type="method" name="__construct" visibility="public" complexity="1" crap="2" count="0"/>
        <line num="25" type="stmt" count="0"/>
        <line num="26" type="stmt" count="0"/>
        <line num="31" type="method" name="handle" visibility="public" complexity="1" crap="2" count="0"/>
        <line num="33" type="stmt" count="0"/>
        <line num="34" type="stmt" count="0"/>
        <metrics loc="35" ncloc="26" classes="1" methods="2" coveredmethods="0" conditionals="0" coveredconditionals="0" statements="4" coveredstatements="0" elements="6" coveredelements="0"/>
      </file>
    </package>
    <package name="AbterPhp\Files\Form\Factory">
      <file name="/website/src/Form/Factory/File.php">
        <class name="AbterPhp\Files\Form\Factory\File" namespace="AbterPhp\Files\Form\Factory">
          <metrics complexity="17" methods="11" coveredmethods="9" conditionals="0" coveredconditionals="0" statements="49" coveredstatements="47" elements="60" coveredelements="56"/>
        </class>
        <line num="37" type="method" name="__construct" visibility="public" complexity="1" crap="1" count="1"/>
        <line num="39" type="stmt" count="1"/>
        <line num="41" type="stmt" count="1"/>
        <line num="42" type="stmt" count="1"/>
        <line num="52" type="method" name="create" visibility="public" complexity="3" crap="3.01" count="1"/>
        <line num="54" type="stmt" count="1"/>
        <line num="55" type="stmt" count="0"/>
        <line num="58" type="stmt" count="1"/>
        <line num="59" type="stmt" count="1"/>
        <line num="60" type="stmt" count="1"/>
        <line num="61" type="stmt" count="1"/>
        <line num="62" type="stmt" count="1"/>
        <line num="63" type="stmt" count="1"/>
        <line num="65" type="stmt" count="1"/>
        <line num="67" type="stmt" count="1"/>
        <line num="69" type="stmt" count="1"/>
        <line num="75" type="method" name="addFile" visibility="protected" complexity="1" crap="1" count="1"/>
        <line num="77" type="stmt" count="1"/>
        <line num="78" type="stmt" count="1"/>
        <line num="80" type="stmt" count="1"/>
        <line num="82" type="stmt" count="1"/>
        <line num="88" type="method" name="addDescription" visibility="protected" complexity="1" crap="1" count="1"/>
        <line num="90" type="stmt" count="1"/>
        <line num="91" type="stmt" count="1"/>
        <line num="93" type="stmt" count="1"/>
        <line num="95" type="stmt" count="1"/>
        <line num="103" type="method" name="addFileCategory" visibility="protected" complexity="1" crap="1" count="1"/>
        <line num="105" type="stmt" count="1"/>
        <line num="106" type="stmt" count="1"/>
        <line num="108" type="stmt" count="1"/>
        <line num="110" type="stmt" count="1"/>
        <line num="111" type="stmt" count="1"/>
        <line num="112" type="stmt" count="1"/>
        <line num="113" type="stmt" count="1"/>
        <line num="116" type="stmt" count="1"/>
        <line num="122" type="method" name="getAllFileCategories" visibility="protected" complexity="1" crap="1" count="1"/>
        <line num="124" type="stmt" count="1"/>
        <line num="133" type="method" name="createFileCategoryOptions" visibility="protected" complexity="2" crap="2" count="1"/>
        <line num="135" type="stmt" count="1"/>
        <line num="136" type="stmt" count="1"/>
        <line num="137" type="stmt" count="1"/>
        <line num="138" type="stmt" count="1"/>
        <line num="141" type="stmt" count="1"/>
        <line num="149" type="method" name="createFileCategorySelect" visibility="protected" complexity="2" crap="2" count="1"/>
        <line num="152" type="stmt" count="1"/>
        <line num="153" type="stmt" count="1"/>
        <line num="154" type="stmt" count="1"/>
        <line num="155" type="stmt" count="1"/>
        <line num="159" type="stmt" count="1"/>
        <line num="161" type="stmt" count="1"/>
        <line num="162" type="stmt" count="1"/>
        <line num="165" type="stmt" count="1"/>
        <line num="171" type="method" name="createFileCategoryLabel" visibility="protected" complexity="1" crap="1" count="1"/>
        <line num="173" type="stmt" count="1"/>
        <line num="181" type="method" name="createFileCategoryHelp" visibility="protected" complexity="3" crap="3.33" count="1"/>
        <line num="183" type="stmt" count="1"/>
        <line num="184" type="stmt" count="1"/>
        <line num="187" type="stmt" count="0"/>
        <line num="197" type="method" name="getMultiSelectSize" visibility="protected" complexity="1" crap="1" count="1"/>
        <line num="199" type="stmt" count="1"/>
        <metrics loc="201" ncloc="145" classes="1" methods="11" coveredmethods="9" conditionals="0" coveredconditionals="0" statements="49" coveredstatements="47" elements="60" coveredelements="56"/>
      </file>
      <file name="/website/src/Form/Factory/FileCategory.php">
        <class name="AbterPhp\Files\Form\Factory\FileCategory" namespace="AbterPhp\Files\Form\Factory">
          <metrics complexity="16" methods="11" coveredmethods="10" conditionals="0" coveredconditionals="0" statements="52" coveredstatements="51" elements="63" coveredelements="61"/>
        </class>
        <line num="36" type="method" name="__construct" visibility="public" complexity="1" crap="1" count="1"/>
        <line num="38" type="stmt" count="1"/>
        <line num="40" type="stmt" count="1"/>
        <line num="41" type="stmt" count="1"/>
        <line num="51" type="method" name="create" visibility="public" complexity="3" crap="3.01" count="1"/>
        <line num="53" type="stmt" count="1"/>
        <line num="54" type="stmt" count="0"/>
        <line num="57" type="stmt" count="1"/>
        <line num="58" type="stmt" count="1"/>
        <line num="59" type="stmt" count="1"/>
        <line num="60" type="stmt" count="1"/>
        <line num="61" type="stmt" count="1"/>
        <line num="62" type="stmt" count="1"/>
        <line num="64" type="stmt" count="1"/>
        <line num="66" type="stmt" count="1"/>
        <line num="68" type="stmt" count="1"/>
        <line num="76" type="method" name="addIdentifier" visibility="protected" complexity="1" crap="1" count="1"/>
        <line num="78" type="stmt" count="1"/>
        <line num="79" type="stmt" count="1"/>
        <line num="80" type="stmt" count="1"/>
        <line num="81" type="stmt" count="1"/>
        <line num="82" type="stmt" count="1"/>
        <line num="83" type="stmt" count="1"/>
        <line num="86" type="stmt" count="1"/>
        <line num="94" type="method" name="addName" visibility="protected" complexity="1" crap="1" count="1"/>
        <line num="96" type="stmt" count="1"/>
        <line num="97" type="stmt" count="1"/>
        <line num="99" type="stmt" count="1"/>
        <line num="101" type="stmt" count="1"/>
        <line num="109" type="method" name="addUserGroups" visibility="protected" complexity="1" crap="1" count="1"/>
        <line num="111" type="stmt" count="1"/>
        <line num="112" type="stmt" count="1"/>
        <line num="114" type="stmt" count="1"/>
        <line num="116" type="stmt" count="1"/>
        <line num="117" type="stmt" count="1"/>
        <line num="118" type="stmt" count="1"/>
        <line num="121" type="stmt" count="1"/>
        <line num="127" type="method" name="getAllUserGroups" visibility="protected" complexity="1" crap="1" count="1"/>
        <line num="129" type="stmt" count="1"/>
        <line num="137" type="method" name="getUserGroupIds" visibility="protected" complexity="2" crap="2" count="1"/>
        <line num="139" type="stmt" count="1"/>
        <line num="140" type="stmt" count="1"/>
        <line num="141" type="stmt" count="1"/>
        <line num="144" type="stmt" count="1"/>
        <line num="153" type="method" name="createUserGroupOptions" visibility="protected" complexity="2" crap="2" count="1"/>
        <line num="155" type="stmt" count="1"/>
        <line num="156" type="stmt" count="1"/>
        <line num="157" type="stmt" count="1"/>
        <line num="158" type="stmt" count="1"/>
        <line num="161" type="stmt" count="1"/>
        <line num="169" type="method" name="createUserGroupSelect" visibility="protected" complexity="2" crap="2" count="1"/>
        <line num="172" type="stmt" count="1"/>
        <line num="173" type="stmt" count="1"/>
        <line num="174" type="stmt" count="1"/>
        <line num="175" type="stmt" count="1"/>
        <line num="179" type="stmt" count="1"/>
        <line num="181" type="stmt" count="1"/>
        <line num="182" type="stmt" count="1"/>
        <line num="185" type="stmt" count="1"/>
        <line num="191" type="method" name="createUserGroupLabel" visibility="protected" complexity="1" crap="1" count="1"/>
        <line num="193" type="stmt" count="1"/>
        <line num="203" type="method" name="getMultiSelectSize" visibility="protected" complexity="1" crap="1" count="1"/>
        <line num="205" type="stmt" count="1"/>
        <metrics loc="207" ncloc="147" classes="1" methods="11" coveredmethods="10" conditionals="0" coveredconditionals="0" statements="52" coveredstatements="51" elements="63" coveredelements="61"/>
      </file>
    </package>
    <package name="AbterPhp\Files\Grid\Factory">
      <file name="/website/src/Grid/Factory/File.php">
        <class name="AbterPhp\Files\Grid\Factory\File" namespace="AbterPhp\Files\Grid\Factory">
          <metrics complexity="12" methods="8" coveredmethods="0" conditionals="0" coveredconditionals="0" statements="34" coveredstatements="0" elements="42" coveredelements="0"/>
        </class>
        <line num="45" type="method" name="__construct" visibility="public" complexity="1" crap="2" count="0"/>
        <line num="52" type="stmt" count="0"/>
        <line num="53" type="stmt" count="0"/>
        <line num="58" type="method" name="getGetters" visibility="public" complexity="1" crap="2" count="0"/>
        <line num="61" type="stmt" count="0"/>
        <line num="62" type="stmt" count="0"/>
        <line num="63" type="stmt" count="0"/>
        <line num="64" type="stmt" count="0"/>
        <line num="66" type="stmt" count="0"/>
        <line num="75" type="method" name="getUploadedAt" visibility="public" complexity="1" crap="2" count="0"/>
        <line num="77" type="stmt" count="0"/>
        <line num="83" type="method" name="getRowActions" visibility="protected" complexity="1" crap="2" count="0"/>
        <line num="85" type="stmt" count="0"/>
        <line num="86" type="stmt" count="0"/>
        <line num="89" type="stmt" count="0"/>
        <line num="92" type="stmt" count="0"/>
        <line num="95" type="stmt" count="0"/>
        <line num="98" type="stmt" count="0"/>
        <line num="99" type="stmt" count="0"/>
        <line num="100" type="stmt" count="0"/>
        <line num="101" type="stmt" count="0"/>
        <line num="104" type="stmt" count="0"/>
        <line num="106" type="stmt" count="0"/>
        <line num="107" type="stmt" count="0"/>
        <line num="108" type="stmt" count="0"/>
        <line num="111" type="stmt" count="0"/>
        <line num="113" type="stmt" count="0"/>
        <line num="114" type="stmt" count="0"/>
        <line num="115" type="stmt" count="0"/>
        <line num="118" type="stmt" count="0"/>
        <line num="121" type="stmt" count="0"/>
        <line num="127" type="method" name="getAttributeCallbacks" visibility="protected" complexity="2" crap="6" count="0"/>
        <line num="129" type="stmt" count="0"/>
        <line num="131" type="method" name="anonymousFunction:131#727" complexity="2" crap="6" count="0"/>
        <line num="132" type="stmt" count="0"/>
        <line num="135" type="stmt" count="0"/>
        <line num="141" type="method" name="getDownloadCallbacks" visibility="protected" complexity="2" crap="6" count="0"/>
        <line num="143" type="stmt" count="0"/>
        <line num="145" type="method" name="anonymousFunction:145#797" complexity="2" crap="6" count="0"/>
        <line num="147" type="stmt" count="0"/>
        <line num="148" type="stmt" count="0"/>
        <line num="149" type="stmt" count="0"/>
        <line num="151" type="stmt" count="0"/>
        <line num="154" type="stmt" count="0"/>
        <line num="157" type="stmt" count="0"/>
        <metrics loc="159" ncloc="132" classes="1" methods="8" coveredmethods="0" conditionals="0" coveredconditionals="0" statements="37" coveredstatements="0" elements="45" coveredelements="0"/>
      </file>
      <file name="/website/src/Grid/Factory/FileCategory.php">
        <class name="AbterPhp\Files\Grid\Factory\FileCategory" namespace="AbterPhp\Files\Grid\Factory">
          <metrics complexity="5" methods="4" coveredmethods="0" conditionals="0" coveredconditionals="0" statements="21" coveredstatements="0" elements="25" coveredelements="0"/>
        </class>
        <line num="40" type="method" name="__construct" visibility="public" complexity="1" crap="2" count="0"/>
        <line num="47" type="stmt" count="0"/>
        <line num="48" type="stmt" count="0"/>
        <line num="53" type="method" name="getGetters" visibility="public" complexity="1" crap="2" count="0"/>
        <line num="56" type="stmt" count="0"/>
        <line num="57" type="stmt" count="0"/>
        <line num="58" type="stmt" count="0"/>
        <line num="59" type="stmt" count="0"/>
        <line num="68" type="method" name="getIsPublic" visibility="public" complexity="2" crap="6" count="0"/>
        <line num="70" type="stmt" count="0"/>
        <line num="72" type="stmt" count="0"/>
        <line num="78" type="method" name="getRowActions" visibility="protected" complexity="1" crap="2" count="0"/>
        <line num="80" type="stmt" count="0"/>
        <line num="83" type="stmt" count="0"/>
        <line num="87" type="stmt" count="0"/>
        <line num="90" type="stmt" count="0"/>
        <line num="91" type="stmt" count="0"/>
        <line num="92" type="stmt" count="0"/>
        <line num="93" type="stmt" count="0"/>
        <line num="96" type="stmt" count="0"/>
        <line num="98" type="stmt" count="0"/>
        <line num="99" type="stmt" count="0"/>
        <line num="100" type="stmt" count="0"/>
        <line num="103" type="stmt" count="0"/>
        <line num="106" type="stmt" count="0"/>
        <metrics loc="108" ncloc="88" classes="1" methods="4" coveredmethods="0" conditionals="0" coveredconditionals="0" statements="21" coveredstatements="0" elements="25" coveredelements="0"/>
      </file>
      <file name="/website/src/Grid/Factory/FileDownload.php">
        <class name="AbterPhp\Files\Grid\Factory\FileDownload" namespace="AbterPhp\Files\Grid\Factory">
          <metrics complexity="3" methods="3" coveredmethods="0" conditionals="0" coveredconditionals="0" statements="7" coveredstatements="0" elements="10" coveredelements="0"/>
        </class>
        <line num="37" type="method" name="__construct" visibility="public" complexity="1" crap="2" count="0"/>
        <line num="44" type="stmt" count="0"/>
        <line num="45" type="stmt" count="0"/>
        <line num="50" type="method" name="getGetters" visibility="public" complexity="1" crap="2" count="0"/>
        <line num="53" type="stmt" count="0"/>
        <line num="54" type="stmt" count="0"/>
        <line num="55" type="stmt" count="0"/>
        <line num="57" type="stmt" count="0"/>
        <line num="66" type="method" name="getDownloadedAt" visibility="public" complexity="1" crap="2" count="0"/>
        <line num="68" type="stmt" count="0"/>
        <metrics loc="70" ncloc="52" classes="1" methods="3" coveredmethods="0" conditionals="0" coveredconditionals="0" statements="7" coveredstatements="0" elements="10" coveredelements="0"/>
      </file>
    </package>
    <package name="AbterPhp\Files\Grid\Factory\Table">
      <file name="/website/src/Grid/Factory/Table/File.php">
        <class name="AbterPhp\Files\Grid\Factory\Table\File" namespace="AbterPhp\Files\Grid\Factory\Table">
          <metrics complexity="1" methods="1" coveredmethods="0" conditionals="0" coveredconditionals="0" statements="2" coveredstatements="0" elements="3" coveredelements="0"/>
        </class>
        <line num="19" type="method" name="__construct" visibility="public" complexity="1" crap="2" count="0"/>
        <line num="21" type="stmt" count="0"/>
        <line num="22" type="stmt" count="0"/>
        <metrics loc="23" ncloc="17" classes="1" methods="1" coveredmethods="0" conditionals="0" coveredconditionals="0" statements="2" coveredstatements="0" elements="3" coveredelements="0"/>
      </file>
      <file name="/website/src/Grid/Factory/Table/FileCategory.php">
        <class name="AbterPhp\Files\Grid\Factory\Table\FileCategory" namespace="AbterPhp\Files\Grid\Factory\Table">
          <metrics complexity="1" methods="1" coveredmethods="0" conditionals="0" coveredconditionals="0" statements="2" coveredstatements="0" elements="3" coveredelements="0"/>
        </class>
        <line num="19" type="method" name="__construct" visibility="public" complexity="1" crap="2" count="0"/>
        <line num="21" type="stmt" count="0"/>
        <line num="22" type="stmt" count="0"/>
        <metrics loc="23" ncloc="17" classes="1" methods="1" coveredmethods="0" conditionals="0" coveredconditionals="0" statements="2" coveredstatements="0" elements="3" coveredelements="0"/>
      </file>
      <file name="/website/src/Grid/Factory/Table/FileDownload.php">
        <class name="AbterPhp\Files\Grid\Factory\Table\FileDownload" namespace="AbterPhp\Files\Grid\Factory\Table">
          <metrics complexity="1" methods="1" coveredmethods="0" conditionals="0" coveredconditionals="0" statements="2" coveredstatements="0" elements="3" coveredelements="0"/>
        </class>
        <line num="19" type="method" name="__construct" visibility="public" complexity="1" crap="2" count="0"/>
        <line num="21" type="stmt" count="0"/>
        <line num="22" type="stmt" count="0"/>
        <metrics loc="23" ncloc="17" classes="1" methods="1" coveredmethods="0" conditionals="0" coveredconditionals="0" statements="2" coveredstatements="0" elements="3" coveredelements="0"/>
      </file>
    </package>
    <package name="AbterPhp\Files\Grid\Factory\Table\Header">
      <file name="/website/src/Grid/Factory/Table/Header/File.php">
        <class name="AbterPhp\Files\Grid\Factory\Table\Header\File" namespace="AbterPhp\Files\Grid\Factory\Table\Header">
          <metrics complexity="0" methods="0" coveredmethods="0" conditionals="0" coveredconditionals="0" statements="0" coveredstatements="0" elements="0" coveredelements="0"/>
        </class>
        <metrics loc="43" ncloc="40" classes="0" methods="0" coveredmethods="0" conditionals="0" coveredconditionals="0" statements="0" coveredstatements="0" elements="0" coveredelements="0"/>
      </file>
      <file name="/website/src/Grid/Factory/Table/Header/FileCategory.php">
        <class name="AbterPhp\Files\Grid\Factory\Table\Header\FileCategory" namespace="AbterPhp\Files\Grid\Factory\Table\Header">
          <metrics complexity="0" methods="0" coveredmethods="0" conditionals="0" coveredconditionals="0" statements="0" coveredstatements="0" elements="0" coveredelements="0"/>
        </class>
        <metrics loc="40" ncloc="37" classes="0" methods="0" coveredmethods="0" conditionals="0" coveredconditionals="0" statements="0" coveredstatements="0" elements="0" coveredelements="0"/>
      </file>
      <file name="/website/src/Grid/Factory/Table/Header/FileDownload.php">
        <class name="AbterPhp\Files\Grid\Factory\Table\Header\FileDownload" namespace="AbterPhp\Files\Grid\Factory\Table\Header">
          <metrics complexity="0" methods="0" coveredmethods="0" conditionals="0" coveredconditionals="0" statements="0" coveredstatements="0" elements="0" coveredelements="0"/>
        </class>
        <metrics loc="38" ncloc="35" classes="0" methods="0" coveredmethods="0" conditionals="0" coveredconditionals="0" statements="0" coveredstatements="0" elements="0" coveredelements="0"/>
      </file>
    </package>
    <package name="AbterPhp\Files\Grid\Filters">
      <file name="/website/src/Grid/Filters/File.php">
        <class name="AbterPhp\Files\Grid\Filters\File" namespace="AbterPhp\Files\Grid\Filters">
          <metrics complexity="2" methods="1" coveredmethods="0" conditionals="0" coveredconditionals="0" statements="3" coveredstatements="0" elements="4" coveredelements="0"/>
        </class>
        <line num="19" type="method" name="__construct" visibility="public" complexity="2" crap="6" count="0"/>
        <line num="21" type="stmt" count="0"/>
        <line num="23" type="stmt" count="0"/>
        <line num="24" type="stmt" count="0"/>
        <metrics loc="25" ncloc="18" classes="1" methods="1" coveredmethods="0" conditionals="0" coveredconditionals="0" statements="3" coveredstatements="0" elements="4" coveredelements="0"/>
      </file>
      <file name="/website/src/Grid/Filters/FileCategory.php">
        <class name="AbterPhp\Files\Grid\Filters\FileCategory" namespace="AbterPhp\Files\Grid\Filters">
          <metrics complexity="2" methods="1" coveredmethods="0" conditionals="0" coveredconditionals="0" statements="4" coveredstatements="0" elements="5" coveredelements="0"/>
        </class>
        <line num="20" type="method" name="__construct" visibility="public" complexity="2" crap="6" count="0"/>
        <line num="22" type="stmt" count="0"/>
        <line num="24" type="stmt" count="0"/>
        <line num="26" type="stmt" count="0"/>
        <line num="27" type="stmt" count="0"/>
        <metrics loc="28" ncloc="21" classes="1" methods="1" coveredmethods="0" conditionals="0" coveredconditionals="0" statements="4" coveredstatements="0" elements="5" coveredelements="0"/>
      </file>
      <file name="/website/src/Grid/Filters/FileDownload.php">
        <class name="AbterPhp\Files\Grid\Filters\FileDownload" namespace="AbterPhp\Files\Grid\Filters">
          <metrics complexity="2" methods="1" coveredmethods="0" conditionals="0" coveredconditionals="0" statements="2" coveredstatements="0" elements="3" coveredelements="0"/>
        </class>
        <line num="18" type="method" name="__construct" visibility="public" complexity="2" crap="6" count="0"/>
        <line num="20" type="stmt" count="0"/>
        <line num="21" type="stmt" count="0"/>
        <metrics loc="22" ncloc="15" classes="1" methods="1" coveredmethods="0" conditionals="0" coveredconditionals="0" statements="2" coveredstatements="0" elements="3" coveredelements="0"/>
      </file>
    </package>
    <package name="AbterPhp\Files\Http\Controllers\Admin\Execute">
      <file name="/website/src/Http/Controllers/Admin/Execute/File.php">
        <class name="AbterPhp\Files\Http\Controllers\Admin\Execute\File" namespace="AbterPhp\Files\Http\Controllers\Admin\Execute">
          <metrics complexity="1" methods="1" coveredmethods="0" conditionals="0" coveredconditionals="0" statements="3" coveredstatements="0" elements="4" coveredelements="0"/>
        </class>
        <line num="33" type="method" name="__construct" visibility="public" complexity="1" crap="2" count="0"/>
        <line num="41" type="stmt" count="0"/>
        <line num="42" type="stmt" count="0"/>
        <line num="49" type="stmt" count="0"/>
        <metrics loc="50" ncloc="40" classes="1" methods="1" coveredmethods="0" conditionals="0" coveredconditionals="0" statements="3" coveredstatements="0" elements="4" coveredelements="0"/>
      </file>
      <file name="/website/src/Http/Controllers/Admin/Execute/FileCategory.php">
        <class name="AbterPhp\Files\Http\Controllers\Admin\Execute\FileCategory" namespace="AbterPhp\Files\Http\Controllers\Admin\Execute">
          <metrics complexity="1" methods="1" coveredmethods="0" conditionals="0" coveredconditionals="0" statements="3" coveredstatements="0" elements="4" coveredelements="0"/>
        </class>
        <line num="33" type="method" name="__construct" visibility="public" complexity="1" crap="2" count="0"/>
        <line num="41" type="stmt" count="0"/>
        <line num="42" type="stmt" count="0"/>
        <line num="49" type="stmt" count="0"/>
        <metrics loc="50" ncloc="40" classes="1" methods="1" coveredmethods="0" conditionals="0" coveredconditionals="0" statements="3" coveredstatements="0" elements="4" coveredelements="0"/>
      </file>
      <file name="/website/src/Http/Controllers/Admin/Execute/FileDownload.php">
        <class name="AbterPhp\Files\Http\Controllers\Admin\Execute\FileDownload" namespace="AbterPhp\Files\Http\Controllers\Admin\Execute">
          <metrics complexity="1" methods="1" coveredmethods="0" conditionals="0" coveredconditionals="0" statements="3" coveredstatements="0" elements="4" coveredelements="0"/>
        </class>
        <line num="33" type="method" name="__construct" visibility="public" complexity="1" crap="2" count="0"/>
        <line num="41" type="stmt" count="0"/>
        <line num="42" type="stmt" count="0"/>
        <line num="49" type="stmt" count="0"/>
        <metrics loc="50" ncloc="40" classes="1" methods="1" coveredmethods="0" conditionals="0" coveredconditionals="0" statements="3" coveredstatements="0" elements="4" coveredelements="0"/>
      </file>
    </package>
    <package name="AbterPhp\Files\Http\Controllers\Admin\Form">
      <file name="/website/src/Http/Controllers/Admin/Form/File.php">
        <class name="AbterPhp\Files\Http\Controllers\Admin\Form\File" namespace="AbterPhp\Files\Http\Controllers\Admin\Form">
          <metrics complexity="2" methods="2" coveredmethods="0" conditionals="0" coveredconditionals="0" statements="4" coveredstatements="0" elements="6" coveredelements="0"/>
        </class>
        <line num="41" type="method" name="__construct" visibility="public" complexity="1" crap="2" count="0"/>
        <line num="50" type="stmt" count="0"/>
        <line num="51" type="stmt" count="0"/>
        <line num="58" type="method" name="createEntity" visibility="protected" complexity="1" crap="2" count="0"/>
        <line num="60" type="stmt" count="0"/>
        <line num="62" type="stmt" count="0"/>
        <metrics loc="64" ncloc="47" classes="1" methods="2" coveredmethods="0" conditionals="0" coveredconditionals="0" statements="4" coveredstatements="0" elements="6" coveredelements="0"/>
      </file>
      <file name="/website/src/Http/Controllers/Admin/Form/FileCategory.php">
        <class name="AbterPhp\Files\Http\Controllers\Admin\Form\FileCategory" namespace="AbterPhp\Files\Http\Controllers\Admin\Form">
          <metrics complexity="2" methods="2" coveredmethods="0" conditionals="0" coveredconditionals="0" statements="4" coveredstatements="0" elements="6" coveredelements="0"/>
        </class>
        <line num="40" type="method" name="__construct" visibility="public" complexity="1" crap="2" count="0"/>
        <line num="49" type="stmt" count="0"/>
        <line num="50" type="stmt" count="0"/>
        <line num="57" type="method" name="createEntity" visibility="public" complexity="1" crap="2" count="0"/>
        <line num="59" type="stmt" count="0"/>
        <line num="61" type="stmt" count="0"/>
        <metrics loc="63" ncloc="46" classes="1" methods="2" coveredmethods="0" conditionals="0" coveredconditionals="0" statements="4" coveredstatements="0" elements="6" coveredelements="0"/>
      </file>
    </package>
    <package name="AbterPhp\Files\Http\Controllers\Admin\Grid">
      <file name="/website/src/Http/Controllers/Admin/Grid/File.php">
        <class name="AbterPhp\Files\Http\Controllers\Admin\Grid\File" namespace="AbterPhp\Files\Http\Controllers\Admin\Grid">
          <metrics complexity="1" methods="1" coveredmethods="0" conditionals="0" coveredconditionals="0" statements="3" coveredstatements="0" elements="4" coveredelements="0"/>
        </class>
        <line num="34" type="method" name="__construct" visibility="public" complexity="1" crap="2" count="0"/>
        <line num="42" type="stmt" count="0"/>
        <line num="43" type="stmt" count="0"/>
        <line num="50" type="stmt" count="0"/>
        <metrics loc="51" ncloc="40" classes="1" methods="1" coveredmethods="0" conditionals="0" coveredconditionals="0" statements="3" coveredstatements="0" elements="4" coveredelements="0"/>
      </file>
      <file name="/website/src/Http/Controllers/Admin/Grid/FileCategory.php">
        <class name="AbterPhp\Files\Http\Controllers\Admin\Grid\FileCategory" namespace="AbterPhp\Files\Http\Controllers\Admin\Grid">
          <metrics complexity="1" methods="1" coveredmethods="0" conditionals="0" coveredconditionals="0" statements="3" coveredstatements="0" elements="4" coveredelements="0"/>
        </class>
        <line num="34" type="method" name="__construct" visibility="public" complexity="1" crap="2" count="0"/>
        <line num="42" type="stmt" count="0"/>
        <line num="43" type="stmt" count="0"/>
        <line num="50" type="stmt" count="0"/>
        <metrics loc="51" ncloc="40" classes="1" methods="1" coveredmethods="0" conditionals="0" coveredconditionals="0" statements="3" coveredstatements="0" elements="4" coveredelements="0"/>
      </file>
      <file name="/website/src/Http/Controllers/Admin/Grid/FileDownload.php">
        <class name="AbterPhp\Files\Http\Controllers\Admin\Grid\FileDownload" namespace="AbterPhp\Files\Http\Controllers\Admin\Grid">
          <metrics complexity="2" methods="2" coveredmethods="0" conditionals="0" coveredconditionals="0" statements="4" coveredstatements="0" elements="6" coveredelements="0"/>
        </class>
        <line num="34" type="method" name="__construct" visibility="public" complexity="1" crap="2" count="0"/>
        <line num="42" type="stmt" count="0"/>
        <line num="43" type="stmt" count="0"/>
        <line num="50" type="stmt" count="0"/>
        <line num="55" type="method" name="getCreateUrl" visibility="protected" complexity="1" crap="2" count="0"/>
        <line num="57" type="stmt" count="0"/>
        <metrics loc="59" ncloc="45" classes="1" methods="2" coveredmethods="0" conditionals="0" coveredconditionals="0" statements="4" coveredstatements="0" elements="6" coveredelements="0"/>
      </file>
    </package>
    <package name="AbterPhp\Files\Http\Controllers\Api\File">
      <file name="/website/src/Http/Controllers/Api/File/Csv.php">
        <class name="AbterPhp\Files\Http\Controllers\Api\File\Csv" namespace="AbterPhp\Files\Http\Controllers\Api\File">
          <metrics complexity="5" methods="4" coveredmethods="0" conditionals="0" coveredconditionals="0" statements="19" coveredstatements="0" elements="23" coveredelements="0"/>
        </class>
        <line num="32" type="method" name="__construct" visibility="public" complexity="1" crap="2" count="0"/>
        <line num="34" type="stmt" count="0"/>
        <line num="35" type="stmt" count="0"/>
        <line num="36" type="stmt" count="0"/>
        <line num="41" type="method" name="csv" visibility="public" complexity="1" crap="2" count="0"/>
        <line num="43" type="stmt" count="0"/>
        <line num="45" type="stmt" count="0"/>
        <line num="46" type="stmt" count="0"/>
        <line num="48" type="stmt" count="0"/>
        <line num="50" type="stmt" count="0"/>
        <line num="51" type="stmt" count="0"/>
        <line num="52" type="stmt" count="0"/>
        <line num="62" type="method" name="convertContent" visibility="protected" complexity="2" crap="6" count="0"/>
        <line num="64" type="stmt" count="0"/>
        <line num="65" type="stmt" count="0"/>
        <line num="68" type="stmt" count="0"/>
        <line num="76" type="method" name="getHeaders" visibility="protected" complexity="1" crap="2" count="0"/>
        <line num="79" type="stmt" count="0"/>
        <line num="80" type="stmt" count="0"/>
        <line num="81" type="stmt" count="0"/>
        <line num="82" type="stmt" count="0"/>
        <line num="83" type="stmt" count="0"/>
        <line num="84" type="stmt" count="0"/>
        <metrics loc="87" ncloc="66" classes="1" methods="4" coveredmethods="0" conditionals="0" coveredconditionals="0" statements="19" coveredstatements="0" elements="23" coveredelements="0"/>
      </file>
      <file name="/website/src/Http/Controllers/Api/File/Download.php">
        <class name="AbterPhp\Files\Http\Controllers\Api\File\Download" namespace="AbterPhp\Files\Http\Controllers\Api\File">
          <metrics complexity="11" methods="4" coveredmethods="0" conditionals="0" coveredconditionals="0" statements="30" coveredstatements="0" elements="34" coveredelements="0"/>
        </class>
        <line num="42" type="method" name="__construct" visibility="public" complexity="1" crap="2" count="0"/>
        <line num="48" type="stmt" count="0"/>
        <line num="49" type="stmt" count="0"/>
        <line num="50" type="stmt" count="0"/>
        <line num="51" type="stmt" count="0"/>
        <line num="52" type="stmt" count="0"/>
        <line num="59" type="method" name="download" visibility="public" complexity="6" crap="42" count="0"/>
        <line num="61" type="stmt" count="0"/>
        <line num="62" type="stmt" count="0"/>
        <line num="63" type="stmt" count="0"/>
        <line num="67" type="stmt" count="0"/>
        <line num="68" type="stmt" count="0"/>
        <line num="69" type="stmt" count="0"/>
        <line num="72" type="stmt" count="0"/>
        <line num="74" type="stmt" count="0"/>
        <line num="75" type="stmt" count="0"/>
        <line num="76" type="stmt" count="0"/>
        <line num="77" type="stmt" count="0"/>
        <line num="78" type="stmt" count="0"/>
        <line num="79" type="stmt" count="0"/>
        <line num="80" type="stmt" count="0"/>
        <line num="83" type="stmt" count="0"/>
        <line num="84" type="stmt" count="0"/>
        <line num="85" type="stmt" count="0"/>
        <line num="86" type="stmt" count="0"/>
        <line num="93" type="method" name="getUser" visibility="protected" complexity="3" crap="12" count="0"/>
        <line num="95" type="stmt" count="0"/>
        <line num="96" type="stmt" count="0"/>
        <line num="98" type="stmt" count="0"/>
        <line num="101" type="stmt" count="0"/>
        <line num="109" type="method" name="getHeaders" visibility="protected" complexity="1" crap="2" count="0"/>
        <line num="112" type="stmt" count="0"/>
        <line num="113" type="stmt" count="0"/>
        <line num="114" type="stmt" count="0"/>
        <metrics loc="117" ncloc="92" classes="1" methods="4" coveredmethods="0" conditionals="0" coveredconditionals="0" statements="30" coveredstatements="0" elements="34" coveredelements="0"/>
      </file>
    </package>
    <package name="AbterPhp\Files\Http\Controllers\Website">
      <file name="/website/src/Http/Controllers/Website/File.php">
        <class name="AbterPhp\Files\Http\Controllers\Website\File" namespace="AbterPhp\Files\Http\Controllers\Website">
          <metrics complexity="7" methods="3" coveredmethods="0" conditionals="0" coveredconditionals="0" statements="19" coveredstatements="0" elements="22" coveredelements="0"/>
        </class>
        <line num="25" type="method" name="__construct" visibility="public" complexity="1" crap="2" count="0"/>
        <line num="27" type="stmt" count="0"/>
        <line num="28" type="stmt" count="0"/>
        <line num="35" type="method" name="download" visibility="public" complexity="5" crap="30" count="0"/>
        <line num="38" type="stmt" count="0"/>
        <line num="39" type="stmt" count="0"/>
        <line num="40" type="stmt" count="0"/>
        <line num="42" type="stmt" count="0"/>
        <line num="43" type="stmt" count="0"/>
        <line num="44" type="stmt" count="0"/>
        <line num="45" type="stmt" count="0"/>
        <line num="46" type="stmt" count="0"/>
        <line num="47" type="stmt" count="0"/>
        <line num="48" type="stmt" count="0"/>
        <line num="51" type="stmt" count="0"/>
        <line num="52" type="stmt" count="0"/>
        <line num="53" type="stmt" count="0"/>
        <line num="54" type="stmt" count="0"/>
        <line num="63" type="method" name="getHeaders" visibility="protected" complexity="1" crap="2" count="0"/>
        <line num="66" type="stmt" count="0"/>
        <line num="67" type="stmt" count="0"/>
        <line num="68" type="stmt" count="0"/>
        <metrics loc="71" ncloc="55" classes="1" methods="3" coveredmethods="0" conditionals="0" coveredconditionals="0" statements="19" coveredstatements="0" elements="22" coveredelements="0"/>
      </file>
    </package>
    <package name="AbterPhp\Files\Orm\DataMappers">
      <file name="/website/src/Orm/DataMappers/FileCategorySqlDataMapper.php">
        <class name="AbterPhp\Files\Orm\DataMappers\FileCategorySqlDataMapper" namespace="AbterPhp\Files\Orm\DataMappers">
          <metrics complexity="22" methods="13" coveredmethods="8" conditionals="0" coveredconditionals="0" statements="123" coveredstatements="103" elements="136" coveredelements="111"/>
        </class>
        <line num="23" type="method" name="add" visibility="public" complexity="2" crap="2.00" count="2"/>
        <line num="25" type="stmt" count="2"/>
        <line num="26" type="stmt" count="0"/>
        <line num="29" type="stmt" count="2"/>
        <line num="30" type="stmt" count="2"/>
        <line num="31" type="stmt" count="2"/>
        <line num="33" type="stmt" count="2"/>
        <line num="34" type="stmt" count="2"/>
        <line num="35" type="stmt" count="2"/>
        <line num="36" type="stmt" count="2"/>
        <line num="40" type="stmt" count="2"/>
        <line num="42" type="stmt" count="2"/>
        <line num="43" type="stmt" count="2"/>
        <line num="44" type="stmt" count="2"/>
        <line num="46" type="stmt" count="2"/>
        <line num="47" type="stmt" count="2"/>
        <line num="52" type="method" name="delete" visibility="public" complexity="2" crap="2.00" count="1"/>
        <line num="54" type="stmt" count="1"/>
        <line num="55" type="stmt" count="0"/>
        <line num="58" type="stmt" count="1"/>
        <line num="59" type="stmt" count="1"/>
        <line num="60" type="stmt" count="1"/>
        <line num="61" type="stmt" count="1"/>
        <line num="63" type="stmt" count="1"/>
        <line num="65" type="stmt" count="1"/>
        <line num="66" type="stmt" count="1"/>
        <line num="67" type="stmt" count="1"/>
        <line num="69" type="stmt" count="1"/>
        <line num="70" type="stmt" count="1"/>
        <line num="75" type="method" name="getAll" visibility="public" complexity="1" crap="1" count="1"/>
        <line num="77" type="stmt" count="1"/>
        <line num="79" type="stmt" count="1"/>
        <line num="81" type="stmt" count="1"/>
        <line num="93" type="method" name="getPage" visibility="public" complexity="3" crap="12" count="0"/>
        <line num="95" type="stmt" count="0"/>
        <line num="96" type="stmt" count="0"/>
        <line num="97" type="stmt" count="0"/>
        <line num="99" type="stmt" count="0"/>
        <line num="100" type="stmt" count="0"/>
        <line num="103" type="stmt" count="0"/>
        <line num="104" type="stmt" count="0"/>
        <line num="107" type="stmt" count="0"/>
        <line num="109" type="stmt" count="0"/>
        <line num="110" type="stmt" count="0"/>
        <line num="112" type="stmt" count="0"/>
        <line num="120" type="method" name="getById" visibility="public" complexity="1" crap="1" count="1"/>
        <line num="122" type="stmt" count="1"/>
        <line num="125" type="stmt" count="1"/>
        <line num="128" type="stmt" count="1"/>
        <line num="130" type="stmt" count="1"/>
        <line num="138" type="method" name="getByUserGroupId" visibility="public" complexity="1" crap="1" count="1"/>
        <line num="140" type="stmt" count="1"/>
        <line num="141" type="stmt" count="1"/>
        <line num="142" type="stmt" count="1"/>
        <line num="144" type="stmt" count="1"/>
        <line num="146" type="stmt" count="1"/>
        <line num="148" type="stmt" count="1"/>
        <line num="154" type="method" name="update" visibility="public" complexity="2" crap="2.00" count="2"/>
        <line num="156" type="stmt" count="2"/>
        <line num="157" type="stmt" count="0"/>
        <line num="160" type="stmt" count="2"/>
        <line num="161" type="stmt" count="2"/>
        <line num="162" type="stmt" count="2"/>
        <line num="163" type="stmt" count="2"/>
        <line num="165" type="stmt" count="2"/>
        <line num="166" type="stmt" count="2"/>
        <line num="167" type="stmt" count="2"/>
        <line num="170" type="stmt" count="2"/>
        <line num="171" type="stmt" count="2"/>
        <line num="172" type="stmt" count="2"/>
        <line num="174" type="stmt" count="2"/>
        <line num="176" type="stmt" count="2"/>
        <line num="177" type="stmt" count="2"/>
        <line num="178" type="stmt" count="2"/>
        <line num="180" type="stmt" count="2"/>
        <line num="181" type="stmt" count="2"/>
        <line num="182" type="stmt" count="2"/>
        <line num="187" type="method" name="deleteUserGroups" visibility="protected" complexity="1" crap="1" count="3"/>
        <line num="189" type="stmt" count="3"/>
        <line num="190" type="stmt" count="3"/>
        <line num="191" type="stmt" count="3"/>
        <line num="192" type="stmt" count="3"/>
        <line num="194" type="stmt" count="3"/>
        <line num="196" type="stmt" count="3"/>
        <line num="197" type="stmt" count="3"/>
        <line num="198" type="stmt" count="3"/>
        <line num="199" type="stmt" count="3"/>
        <line num="204" type="method" name="addUserGroups" visibility="protected" complexity="2" crap="2" count="4"/>
        <line num="206" type="stmt" count="4"/>
        <line num="208" type="stmt" count="4"/>
        <line num="209" type="stmt" count="2"/>
        <line num="210" type="stmt" count="2"/>
        <line num="211" type="stmt" count="2"/>
        <line num="213" type="stmt" count="2"/>
        <line num="214" type="stmt" count="2"/>
        <line num="215" type="stmt" count="2"/>
        <line num="219" type="stmt" count="2"/>
        <line num="221" type="stmt" count="2"/>
        <line num="222" type="stmt" count="2"/>
        <line num="223" type="stmt" count="2"/>
        <line num="225" type="stmt" count="4"/>
        <line num="232" type="method" name="loadEntity" visibility="protected" complexity="1" crap="1" count="3"/>
        <line num="234" type="stmt" count="3"/>
        <line num="236" type="stmt" count="3"/>
        <line num="237" type="stmt" count="3"/>
        <line num="238" type="stmt" count="3"/>
        <line num="239" type="stmt" count="3"/>
        <line num="240" type="stmt" count="3"/>
        <line num="250" type="method" name="getUserGroups" visibility="private" complexity="4" crap="10.75" count="3"/>
        <line num="252" type="stmt" count="3"/>
        <line num="253" type="stmt" count="3"/>
        <line num="256" type="stmt" count="0"/>
        <line num="257" type="stmt" count="0"/>
        <line num="260" type="stmt" count="0"/>
        <line num="261" type="stmt" count="0"/>
        <line num="262" type="stmt" count="0"/>
        <line num="265" type="stmt" count="0"/>
        <line num="271" type="method" name="getBaseQuery" visibility="private" complexity="1" crap="1" count="3"/>
        <line num="274" type="stmt" count="3"/>
        <line num="275" type="stmt" count="3"/>
        <line num="276" type="stmt" count="3"/>
        <line num="277" type="stmt" count="3"/>
        <line num="278" type="stmt" count="3"/>
        <line num="279" type="stmt" count="3"/>
        <line num="280" type="stmt" count="3"/>
        <line num="282" type="stmt" count="3"/>
        <line num="283" type="stmt" count="3"/>
        <line num="284" type="stmt" count="3"/>
        <line num="285" type="stmt" count="3"/>
        <line num="287" type="stmt" count="3"/>
        <line num="295" type="method" name="joinUserGroups" visibility="private" complexity="1" crap="1" count="1"/>
        <line num="297" type="stmt" count="1"/>
        <line num="298" type="stmt" count="1"/>
        <line num="299" type="stmt" count="1"/>
        <line num="300" type="stmt" count="1"/>
        <line num="303" type="stmt" count="1"/>
        <metrics loc="305" ncloc="249" classes="1" methods="13" coveredmethods="8" conditionals="0" coveredconditionals="0" statements="123" coveredstatements="103" elements="136" coveredelements="111"/>
      </file>
      <file name="/website/src/Orm/DataMappers/FileDownloadSqlDataMapper.php">
        <class name="AbterPhp\Files\Orm\DataMappers\FileDownloadSqlDataMapper" namespace="AbterPhp\Files\Orm\DataMappers">
          <metrics complexity="15" methods="10" coveredmethods="6" conditionals="0" coveredconditionals="0" statements="92" coveredstatements="78" elements="102" coveredelements="84"/>
        </class>
        <line num="20" type="method" name="add" visibility="public" complexity="2" crap="2.00" count="1"/>
        <line num="22" type="stmt" count="1"/>
        <line num="23" type="stmt" count="0"/>
        <line num="26" type="stmt" count="1"/>
        <line num="27" type="stmt" count="1"/>
        <line num="28" type="stmt" count="1"/>
        <line num="30" type="stmt" count="1"/>
        <line num="31" type="stmt" count="1"/>
        <line num="32" type="stmt" count="1"/>
        <line num="33" type="stmt" count="1"/>
        <line num="37" type="stmt" count="1"/>
        <line num="38" type="stmt" count="1"/>
        <line num="39" type="stmt" count="1"/>
        <line num="40" type="stmt" count="1"/>
        <line num="45" type="method" name="delete" visibility="public" complexity="2" crap="2.00" count="1"/>
        <line num="47" type="stmt" count="1"/>
        <line num="48" type="stmt" count="0"/>
        <line num="51" type="stmt" count="1"/>
        <line num="52" type="stmt" count="1"/>
        <line num="53" type="stmt" count="1"/>
        <line num="54" type="stmt" count="1"/>
        <line num="56" type="stmt" count="1"/>
        <line num="57" type="stmt" count="1"/>
        <line num="58" type="stmt" count="1"/>
        <line num="59" type="stmt" count="1"/>
        <line num="64" type="method" name="getAll" visibility="public" complexity="1" crap="1" count="1"/>
        <line num="66" type="stmt" count="1"/>
        <line num="68" type="stmt" count="1"/>
        <line num="80" type="method" name="getPage" visibility="public" complexity="3" crap="12" count="0"/>
        <line num="82" type="stmt" count="0"/>
        <line num="83" type="stmt" count="0"/>
        <line num="84" type="stmt" count="0"/>
        <line num="86" type="stmt" count="0"/>
        <line num="87" type="stmt" count="0"/>
        <line num="90" type="stmt" count="0"/>
        <line num="91" type="stmt" count="0"/>
        <line num="94" type="stmt" count="0"/>
        <line num="96" type="stmt" count="0"/>
        <line num="97" type="stmt" count="0"/>
        <line num="99" type="stmt" count="0"/>
        <line num="107" type="method" name="getById" visibility="public" complexity="1" crap="1" count="1"/>
        <line num="109" type="stmt" count="1"/>
        <line num="112" type="stmt" count="1"/>
        <line num="115" type="stmt" count="1"/>
        <line num="123" type="method" name="getByUserId" visibility="public" complexity="1" crap="1" count="1"/>
        <line num="125" type="stmt" count="1"/>
        <line num="127" type="stmt" count="1"/>
        <line num="130" type="stmt" count="1"/>
        <line num="138" type="method" name="getByFileId" visibility="public" complexity="1" crap="1" count="1"/>
        <line num="140" type="stmt" count="1"/>
        <line num="143" type="stmt" count="1"/>
        <line num="146" type="stmt" count="1"/>
        <line num="152" type="method" name="update" visibility="public" complexity="2" crap="2.00" count="1"/>
        <line num="154" type="stmt" count="1"/>
        <line num="155" type="stmt" count="0"/>
        <line num="158" type="stmt" count="1"/>
        <line num="159" type="stmt" count="1"/>
        <line num="160" type="stmt" count="1"/>
        <line num="161" type="stmt" count="1"/>
        <line num="163" type="stmt" count="1"/>
        <line num="164" type="stmt" count="1"/>
        <line num="165" type="stmt" count="1"/>
        <line num="168" type="stmt" count="1"/>
        <line num="169" type="stmt" count="1"/>
        <line num="171" type="stmt" count="1"/>
        <line num="172" type="stmt" count="1"/>
        <line num="173" type="stmt" count="1"/>
        <line num="174" type="stmt" count="1"/>
        <line num="181" type="method" name="loadEntity" visibility="protected" complexity="1" crap="1" count="4"/>
        <line num="183" type="stmt" count="4"/>
        <line num="184" type="stmt" count="4"/>
        <line num="185" type="stmt" count="4"/>
        <line num="186" type="stmt" count="4"/>
        <line num="187" type="stmt" count="4"/>
        <line num="188" type="stmt" count="4"/>
        <line num="189" type="stmt" count="4"/>
        <line num="190" type="stmt" count="4"/>
        <line num="191" type="stmt" count="4"/>
        <line num="195" type="stmt" count="4"/>
        <line num="196" type="stmt" count="4"/>
        <line num="199" type="stmt" count="4"/>
        <line num="206" type="method" name="getBaseQuery" visibility="private" complexity="1" crap="1" count="4"/>
        <line num="209" type="stmt" count="4"/>
        <line num="210" type="stmt" count="4"/>
        <line num="211" type="stmt" count="4"/>
        <line num="212" type="stmt" count="4"/>
        <line num="213" type="stmt" count="4"/>
        <line num="214" type="stmt" count="4"/>
        <line num="215" type="stmt" count="4"/>
        <line num="216" type="stmt" count="4"/>
        <line num="217" type="stmt" count="4"/>
        <line num="219" type="stmt" count="4"/>
        <line num="220" type="stmt" count="4"/>
        <line num="221" type="stmt" count="4"/>
        <line num="222" type="stmt" count="4"/>
        <line num="223" type="stmt" count="4"/>
        <line num="225" type="stmt" count="4"/>
        <line num="226" type="stmt" count="4"/>
        <line num="227" type="stmt" count="4"/>
        <line num="228" type="stmt" count="4"/>
        <line num="230" type="stmt" count="4"/>
        <line num="232" type="stmt" count="4"/>
        <metrics loc="234" ncloc="189" classes="1" methods="10" coveredmethods="6" conditionals="0" coveredconditionals="0" statements="92" coveredstatements="78" elements="102" coveredelements="84"/>
      </file>
      <file name="/website/src/Orm/DataMappers/FileSqlDataMapper.php">
        <class name="AbterPhp\Files\Orm\DataMappers\FileSqlDataMapper" namespace="AbterPhp\Files\Orm\DataMappers">
          <metrics complexity="22" methods="15" coveredmethods="7" conditionals="0" coveredconditionals="0" statements="139" coveredstatements="91" elements="154" coveredelements="98"/>
        </class>
        <line num="19" type="method" name="add" visibility="public" complexity="2" crap="6" count="0"/>
        <line num="21" type="stmt" count="0"/>
        <line num="22" type="stmt" count="0"/>
        <line num="25" type="stmt" count="0"/>
        <line num="26" type="stmt" count="0"/>
        <line num="27" type="stmt" count="0"/>
        <line num="29" type="stmt" count="0"/>
        <line num="30" type="stmt" count="0"/>
        <line num="31" type="stmt" count="0"/>
        <line num="32" type="stmt" count="0"/>
        <line num="33" type="stmt" count="0"/>
        <line num="34" type="stmt" count="0"/>
        <line num="38" type="stmt" count="0"/>
        <line num="39" type="stmt" count="0"/>
        <line num="40" type="stmt" count="0"/>
        <line num="41" type="stmt" count="0"/>
        <line num="46" type="method" name="delete" visibility="public" complexity="2" crap="2.00" count="1"/>
        <line num="48" type="stmt" count="1"/>
        <line num="49" type="stmt" count="0"/>
        <line num="52" type="stmt" count="1"/>
        <line num="53" type="stmt" count="1"/>
        <line num="54" type="stmt" count="1"/>
        <line num="55" type="stmt" count="1"/>
        <line num="57" type="stmt" count="1"/>
        <line num="59" type="stmt" count="1"/>
        <line num="61" type="stmt" count="1"/>
        <line num="62" type="stmt" count="1"/>
        <line num="63" type="stmt" count="1"/>
        <line num="64" type="stmt" count="1"/>
        <line num="69" type="method" name="getAll" visibility="public" complexity="1" crap="1" count="1"/>
        <line num="71" type="stmt" count="1"/>
        <line num="73" type="stmt" count="1"/>
        <line num="75" type="stmt" count="1"/>
        <line num="87" type="method" name="getPage" visibility="public" complexity="3" crap="12" count="0"/>
        <line num="89" type="stmt" count="0"/>
        <line num="90" type="stmt" count="0"/>
        <line num="91" type="stmt" count="0"/>
        <line num="93" type="stmt" count="0"/>
        <line num="94" type="stmt" count="0"/>
        <line num="97" type="stmt" count="0"/>
        <line num="98" type="stmt" count="0"/>
        <line num="101" type="stmt" count="0"/>
        <line num="103" type="stmt" count="0"/>
        <line num="104" type="stmt" count="0"/>
        <line num="106" type="stmt" count="0"/>
        <line num="114" type="method" name="getById" visibility="public" complexity="1" crap="1" count="1"/>
        <line num="116" type="stmt" count="1"/>
        <line num="119" type="stmt" count="1"/>
        <line num="122" type="stmt" count="1"/>
        <line num="124" type="stmt" count="1"/>
        <line num="132" type="method" name="getByFilesystemName" visibility="public" complexity="1" crap="2" count="0"/>
        <line num="134" type="stmt" count="0"/>
        <line num="137" type="stmt" count="0"/>
        <line num="140" type="stmt" count="0"/>
        <line num="142" type="stmt" count="0"/>
        <line num="150" type="method" name="getPublicByFilesystemName" visibility="public" complexity="1" crap="2" count="0"/>
        <line num="152" type="stmt" count="0"/>
        <line num="153" type="stmt" count="0"/>
        <line num="154" type="stmt" count="0"/>
        <line num="157" type="stmt" count="0"/>
        <line num="160" type="stmt" count="0"/>
        <line num="162" type="stmt" count="0"/>
        <line num="171" type="method" name="getAllByUsername" visibility="public" complexity="1" crap="1" count="1"/>
        <line num="174" type="stmt" count="1"/>
        <line num="175" type="stmt" count="1"/>
        <line num="178" type="stmt" count="1"/>
        <line num="181" type="stmt" count="1"/>
        <line num="183" type="stmt" count="1"/>
        <line num="192" type="method" name="getPublicByCategoryIdentifiers" visibility="public" complexity="2" crap="6" count="0"/>
        <line num="194" type="stmt" count="0"/>
        <line num="195" type="stmt" count="0"/>
        <line num="198" type="stmt" count="0"/>
        <line num="200" type="stmt" count="0"/>
        <line num="201" type="stmt" count="0"/>
        <line num="203" type="stmt" count="0"/>
        <line num="204" type="stmt" count="0"/>
        <line num="206" type="stmt" count="0"/>
        <line num="214" type="method" name="getByUserId" visibility="public" complexity="1" crap="1" count="1"/>
        <line num="217" type="stmt" count="1"/>
        <line num="218" type="stmt" count="1"/>
        <line num="220" type="stmt" count="1"/>
        <line num="223" type="stmt" count="1"/>
        <line num="226" type="stmt" count="1"/>
        <line num="234" type="method" name="update" visibility="public" complexity="2" crap="2" count="1"/>
        <line num="236" type="stmt" count="1"/>
        <line num="237" type="stmt" count="0"/>
        <line num="240" type="stmt" count="1"/>
        <line num="241" type="stmt" count="1"/>
        <line num="242" type="stmt" count="1"/>
        <line num="243" type="stmt" count="1"/>
        <line num="245" type="stmt" count="1"/>
        <line num="246" type="stmt" count="1"/>
        <line num="247" type="stmt" count="1"/>
        <line num="248" type="stmt" count="1"/>
        <line num="249" type="stmt" count="1"/>
        <line num="252" type="stmt" count="1"/>
        <line num="253" type="stmt" count="1"/>
        <line num="254" type="stmt" count="1"/>
        <line num="256" type="stmt" count="1"/>
        <line num="257" type="stmt" count="1"/>
        <line num="259" type="stmt" count="1"/>
        <line num="260" type="stmt" count="1"/>
        <line num="261" type="stmt" count="1"/>
        <line num="262" type="stmt" count="1"/>
        <line num="270" type="method" name="loadEntity" visibility="protected" complexity="2" crap="2.01" count="4"/>
        <line num="272" type="stmt" count="4"/>
        <line num="273" type="stmt" count="4"/>
        <line num="274" type="stmt" count="4"/>
        <line num="275" type="stmt" count="4"/>
        <line num="276" type="stmt" count="4"/>
        <line num="280" type="stmt" count="4"/>
        <line num="281" type="stmt" count="0"/>
        <line num="282" type="stmt" count="0"/>
        <line num="285" type="stmt" count="4"/>
        <line num="286" type="stmt" count="4"/>
        <line num="287" type="stmt" count="4"/>
        <line num="288" type="stmt" count="4"/>
        <line num="289" type="stmt" count="4"/>
        <line num="292" type="stmt" count="4"/>
        <line num="299" type="method" name="getBaseQuery" visibility="private" complexity="1" crap="1" count="4"/>
        <line num="302" type="stmt" count="4"/>
        <line num="303" type="stmt" count="4"/>
        <line num="304" type="stmt" count="4"/>
        <line num="305" type="stmt" count="4"/>
        <line num="306" type="stmt" count="4"/>
        <line num="307" type="stmt" count="4"/>
        <line num="308" type="stmt" count="4"/>
        <line num="309" type="stmt" count="4"/>
        <line num="310" type="stmt" count="4"/>
        <line num="311" type="stmt" count="4"/>
        <line num="313" type="stmt" count="4"/>
        <line num="314" type="stmt" count="4"/>
        <line num="315" type="stmt" count="4"/>
        <line num="316" type="stmt" count="4"/>
        <line num="317" type="stmt" count="4"/>
        <line num="319" type="stmt" count="4"/>
        <line num="320" type="stmt" count="4"/>
        <line num="322" type="stmt" count="4"/>
[...]
        </class>
        <line num="45" type="method" name="__construct" visibility="public" complexity="1" crap="2" count="0"/>
        <line num="54" type="stmt" count="0"/>
        <line num="56" type="stmt" count="0"/>
        <line num="57" type="stmt" count="0"/>
        <line num="58" type="stmt" count="0"/>
        <line num="59" type="stmt" count="0"/>
        <line num="68" type="method" name="create" visibility="public" complexity="1" crap="2" count="0"/>
        <line num="70" type="stmt" count="0"/>
        <line num="72" type="stmt" count="0"/>
        <line num="74" type="stmt" count="0"/>
        <line num="76" type="stmt" count="0"/>
        <line num="78" type="stmt" count="0"/>
        <line num="89" type="method" name="update" visibility="public" complexity="2" crap="6" count="0"/>
        <line num="92" type="stmt" count="0"/>
        <line num="94" type="stmt" count="0"/>
        <line num="96" type="stmt" count="0"/>
        <line num="97" type="stmt" count="0"/>
        <line num="98" type="stmt" count="0"/>
        <line num="101" type="stmt" count="0"/>
        <line num="103" type="stmt" count="0"/>
        <line num="112" type="method" name="delete" visibility="public" complexity="1" crap="2" count="0"/>
        <line num="115" type="stmt" count="0"/>
        <line num="117" type="stmt" count="0"/>
        <line num="119" type="stmt" count="0"/>
        <line num="121" type="stmt" count="0"/>
        <line num="123" type="stmt" count="0"/>
        <line num="129" type="method" name="deleteFile" visibility="public" complexity="1" crap="2" count="0"/>
        <line num="131" type="stmt" count="0"/>
        <line num="132" type="stmt" count="0"/>
        <line num="138" type="method" name="uploadFile" visibility="public" complexity="2" crap="6" count="0"/>
        <line num="140" type="stmt" count="0"/>
        <line num="142" type="stmt" count="0"/>
        <line num="143" type="stmt" count="0"/>
        <line num="146" type="stmt" count="0"/>
        <line num="147" type="stmt" count="0"/>
        <line num="148" type="stmt" count="0"/>
        <line num="155" type="method" name="createEntity" visibility="protected" complexity="1" crap="2" count="0"/>
        <line num="157" type="stmt" count="0"/>
        <line num="159" type="stmt" count="0"/>
        <line num="169" type="method" name="fillEntity" visibility="protected" complexity="2" crap="6" count="0"/>
        <line num="171" type="stmt" count="0"/>
        <line num="174" type="stmt" count="0"/>
        <line num="177" type="stmt" count="0"/>
        <line num="178" type="stmt" count="0"/>
        <line num="180" type="stmt" count="0"/>
        <line num="182" type="stmt" count="0"/>
        <line num="183" type="stmt" count="0"/>
        <line num="186" type="stmt" count="0"/>
        <metrics loc="188" ncloc="131" classes="1" methods="8" coveredmethods="0" conditionals="0" coveredconditionals="0" statements="40" coveredstatements="0" elements="48" coveredelements="0"/>
      </file>
      <file name="/website/src/Service/Execute/FileCategory.php">
        <class name="AbterPhp\Files\Service\Execute\FileCategory" namespace="AbterPhp\Files\Service\Execute">
          <metrics complexity="8" methods="3" coveredmethods="0" conditionals="0" coveredconditionals="0" statements="20" coveredstatements="0" elements="23" coveredelements="0"/>
        </class>
        <line num="31" type="method" name="__construct" visibility="public" complexity="1" crap="2" count="0"/>
        <line num="38" type="stmt" count="0"/>
        <line num="40" type="stmt" count="0"/>
        <line num="41" type="stmt" count="0"/>
        <line num="48" type="method" name="createEntity" visibility="public" complexity="1" crap="2" count="0"/>
        <line num="50" type="stmt" count="0"/>
        <line num="52" type="stmt" count="0"/>
        <line num="61" type="method" name="fillEntity" visibility="protected" complexity="6" crap="42" count="0"/>
        <line num="63" type="stmt" count="0"/>
        <line num="65" type="stmt" count="0"/>
        <line num="66" type="stmt" count="0"/>
        <line num="67" type="stmt" count="0"/>
        <line num="69" type="stmt" count="0"/>
        <line num="71" type="stmt" count="0"/>
        <line num="72" type="stmt" count="0"/>
        <line num="73" type="stmt" count="0"/>
        <line num="74" type="stmt" count="0"/>
        <line num="78" type="stmt" count="0"/>
        <line num="80" type="stmt" count="0"/>
        <line num="81" type="stmt" count="0"/>
        <line num="82" type="stmt" count="0"/>
        <line num="83" type="stmt" count="0"/>
        <line num="85" type="stmt" count="0"/>
        <metrics loc="87" ncloc="66" classes="1" methods="3" coveredmethods="0" conditionals="0" coveredconditionals="0" statements="20" coveredstatements="0" elements="23" coveredelements="0"/>
      </file>
      <file name="/website/src/Service/Execute/FileDownload.php">
        <class name="AbterPhp\Files\Service\Execute\FileDownload" namespace="AbterPhp\Files\Service\Execute">
          <metrics complexity="3" methods="3" coveredmethods="0" conditionals="0" coveredconditionals="0" statements="8" coveredstatements="0" elements="11" coveredelements="0"/>
        </class>
        <line num="33" type="method" name="__construct" visibility="public" complexity="1" crap="2" count="0"/>
        <line num="40" type="stmt" count="0"/>
        <line num="42" type="stmt" count="0"/>
        <line num="43" type="stmt" count="0"/>
        <line num="50" type="method" name="createEntity" visibility="public" complexity="1" crap="2" count="0"/>
        <line num="52" type="stmt" count="0"/>
        <line num="53" type="stmt" count="0"/>
        <line num="54" type="stmt" count="0"/>
        <line num="56" type="stmt" count="0"/>
        <line num="65" type="method" name="fillEntity" visibility="protected" complexity="1" crap="2" count="0"/>
        <line num="67" type="stmt" count="0"/>
        <metrics loc="69" ncloc="48" classes="1" methods="3" coveredmethods="0" conditionals="0" coveredconditionals="0" statements="8" coveredstatements="0" elements="11" coveredelements="0"/>
      </file>
    </package>
    <package name="AbterPhp\Files\Service\File">
      <file name="/website/src/Service/File/CsvCreator.php">
        <class name="AbterPhp\Files\Service\File\CsvCreator" namespace="AbterPhp\Files\Service\File">
          <metrics complexity="4" methods="3" coveredmethods="0" conditionals="0" coveredconditionals="0" statements="18" coveredstatements="0" elements="21" coveredelements="0"/>
        </class>
        <line num="29" type="method" name="__construct" visibility="public" complexity="1" crap="2" count="0"/>
        <line num="31" type="stmt" count="0"/>
        <line num="32" type="stmt" count="0"/>
        <line num="39" type="method" name="csv" visibility="public" complexity="2" crap="6" count="0"/>
        <line num="41" type="stmt" count="0"/>
        <line num="42" type="stmt" count="0"/>
        <line num="43" type="stmt" count="0"/>
        <line num="44" type="stmt" count="0"/>
        <line num="45" type="stmt" count="0"/>
        <line num="47" type="stmt" count="0"/>
        <line num="48" type="stmt" count="0"/>
        <line num="49" type="stmt" count="0"/>
        <line num="50" type="stmt" count="0"/>
        <line num="51" type="stmt" count="0"/>
        <line num="52" type="stmt" count="0"/>
        <line num="53" type="stmt" count="0"/>
        <line num="57" type="stmt" count="0"/>
        <line num="59" type="stmt" count="0"/>
        <line num="67" type="method" name="csvText" visibility="protected" complexity="1" crap="2" count="0"/>
        <line num="69" type="stmt" count="0"/>
        <line num="71" type="stmt" count="0"/>
        <metrics loc="73" ncloc="57" classes="1" methods="3" coveredmethods="0" conditionals="0" coveredconditionals="0" statements="18" coveredstatements="0" elements="21" coveredelements="0"/>
      </file>
      <file name="/website/src/Service/File/Downloader.php">
        <class name="AbterPhp\Files\Service\File\Downloader" namespace="AbterPhp\Files\Service\File">
          <metrics complexity="24" methods="9" coveredmethods="0" conditionals="0" coveredconditionals="0" statements="40" coveredstatements="0" elements="49" coveredelements="0"/>
        </class>
        <line num="49" type="method" name="__construct" visibility="public" complexity="1" crap="2" count="0"/>
        <line num="56" type="stmt" count="0"/>
        <line num="57" type="stmt" count="0"/>
        <line num="58" type="stmt" count="0"/>
        <line num="59" type="stmt" count="0"/>
        <line num="60" type="stmt" count="0"/>
        <line num="61" type="stmt" count="0"/>
        <line num="71" type="method" name="getUserFile" visibility="public" complexity="6" crap="42" count="0"/>
        <line num="74" type="stmt" count="0"/>
        <line num="75" type="stmt" count="0"/>
        <line num="76" type="stmt" count="0"/>
        <line num="79" type="stmt" count="0"/>
        <line num="80" type="stmt" count="0"/>
        <line num="81" type="stmt" count="0"/>
        <line num="84" type="stmt" count="0"/>
        <line num="93" type="method" name="getPublicFile" visibility="public" complexity="4" crap="20" count="0"/>
        <line num="96" type="stmt" count="0"/>
        <line num="97" type="stmt" count="0"/>
        <line num="98" type="stmt" count="0"/>
        <line num="101" type="stmt" count="0"/>
        <line num="110" type="method" name="getStream" visibility="public" complexity="2" crap="6" count="0"/>
        <line num="112" type="stmt" count="0"/>
        <line num="113" type="stmt" count="0"/>
        <line num="114" type="stmt" count="0"/>
        <line num="115" type="stmt" count="0"/>
        <line num="118" type="stmt" count="0"/>
        <line num="128" type="method" name="isAllowed" visibility="protected" complexity="4" crap="20" count="0"/>
        <line num="130" type="stmt" count="0"/>
        <line num="131" type="stmt" count="0"/>
        <line num="134" type="stmt" count="0"/>
        <line num="135" type="stmt" count="0"/>
        <line num="136" type="stmt" count="0"/>
        <line num="137" type="stmt" count="0"/>
        <line num="140" type="stmt" count="0"/>
        <line num="149" type="method" name="logDownload" visibility="public" complexity="1" crap="2" count="0"/>
        <line num="151" type="stmt" count="0"/>
        <line num="152" type="stmt" count="0"/>
        <line num="154" type="stmt" count="0"/>
        <line num="155" type="stmt" count="0"/>
        <line num="162" type="method" name="getReadStreamCallback" visibility="protected" complexity="3" crap="12" count="0"/>
        <line num="164" type="stmt" count="0"/>
        <line num="165" type="method" name="anonymousFunction:165#788" complexity="1" crap="2" count="0"/>
        <line num="166" type="stmt" count="0"/>
        <line num="169" type="method" name="anonymousFunction:169#802" complexity="2" crap="6" count="0"/>
        <line num="170" type="stmt" count="0"/>
        <line num="171" type="stmt" count="0"/>
        <line num="172" type="stmt" count="0"/>
        <line num="173" type="stmt" count="0"/>
        <line num="175" type="stmt" count="0"/>
        <metrics loc="177" ncloc="123" classes="1" methods="9" coveredmethods="0" conditionals="0" coveredconditionals="0" statements="40" coveredstatements="0" elements="49" coveredelements="0"/>
      </file>
    </package>
    <package name="AbterPhp\Files\Service\RepoGrid">
      <file name="/website/src/Service/RepoGrid/File.php">
        <class name="AbterPhp\Files\Service\RepoGrid\File" namespace="AbterPhp\Files\Service\RepoGrid">
          <metrics complexity="1" methods="1" coveredmethods="0" conditionals="0" coveredconditionals="0" statements="2" coveredstatements="0" elements="3" coveredelements="0"/>
        </class>
        <line num="23" type="method" name="__construct" visibility="public" complexity="1" crap="2" count="0"/>
        <line num="25" type="stmt" count="0"/>
        <line num="26" type="stmt" count="0"/>
        <metrics loc="27" ncloc="19" classes="1" methods="1" coveredmethods="0" conditionals="0" coveredconditionals="0" statements="2" coveredstatements="0" elements="3" coveredelements="0"/>
      </file>
      <file name="/website/src/Service/RepoGrid/FileCategory.php">
        <class name="AbterPhp\Files\Service\RepoGrid\FileCategory" namespace="AbterPhp\Files\Service\RepoGrid">
          <metrics complexity="1" methods="1" coveredmethods="0" conditionals="0" coveredconditionals="0" statements="2" coveredstatements="0" elements="3" coveredelements="0"/>
        </class>
        <line num="23" type="method" name="__construct" visibility="public" complexity="1" crap="2" count="0"/>
        <line num="25" type="stmt" count="0"/>
        <line num="26" type="stmt" count="0"/>
        <metrics loc="27" ncloc="19" classes="1" methods="1" coveredmethods="0" conditionals="0" coveredconditionals="0" statements="2" coveredstatements="0" elements="3" coveredelements="0"/>
      </file>
      <file name="/website/src/Service/RepoGrid/FileDownload.php">
        <class name="AbterPhp\Files\Service\RepoGrid\FileDownload" namespace="AbterPhp\Files\Service\RepoGrid">
          <metrics complexity="1" methods="1" coveredmethods="0" conditionals="0" coveredconditionals="0" statements="2" coveredstatements="0" elements="3" coveredelements="0"/>
        </class>
        <line num="23" type="method" name="__construct" visibility="public" complexity="1" crap="2" count="0"/>
        <line num="25" type="stmt" count="0"/>
        <line num="26" type="stmt" count="0"/>
        <metrics loc="27" ncloc="19" classes="1" methods="1" coveredmethods="0" conditionals="0" coveredconditionals="0" statements="2" coveredstatements="0" elements="3" coveredelements="0"/>
      </file>
    </package>
    <package name="AbterPhp\Files\Template">
      <file name="/website/src/Template/FileLoader.php">
        <class name="AbterPhp\Files\Template\FileLoader" namespace="AbterPhp\Files\Template">
          <metrics complexity="9" methods="6" coveredmethods="0" conditionals="0" coveredconditionals="0" statements="30" coveredstatements="0" elements="36" coveredelements="0"/>
        </class>
        <line num="39" type="method" name="__construct" visibility="public" complexity="1" crap="2" count="0"/>
        <line num="41" type="stmt" count="0"/>
        <line num="42" type="stmt" count="0"/>
        <line num="43" type="stmt" count="0"/>
        <line num="50" type="method" name="load" visibility="public" complexity="1" crap="2" count="0"/>
        <line num="52" type="stmt" count="0"/>
        <line num="54" type="stmt" count="0"/>
        <line num="56" type="stmt" count="0"/>
        <line num="64" type="method" name="getFilesByCategory" visibility="protected" complexity="2" crap="6" count="0"/>
        <line num="66" type="stmt" count="0"/>
        <line num="67" type="stmt" count="0"/>
        <line num="68" type="stmt" count="0"/>
        <line num="71" type="stmt" count="0"/>
        <line num="79" type="method" name="getTemplateData" visibility="protected" complexity="2" crap="6" count="0"/>
        <line num="81" type="stmt" count="0"/>
        <line num="82" type="stmt" count="0"/>
        <line num="83" type="stmt" count="0"/>
        <line num="84" type="stmt" count="0"/>
        <line num="85" type="stmt" count="0"/>
        <line num="86" type="stmt" count="0"/>
        <line num="90" type="stmt" count="0"/>
        <line num="99" type="method" name="getCategoryHtml" visibility="protected" complexity="2" crap="6" count="0"/>
        <line num="101" type="stmt" count="0"/>
        <line num="102" type="stmt" count="0"/>
        <line num="103" type="stmt" count="0"/>
        <line num="104" type="stmt" count="0"/>
        <line num="105" type="stmt" count="0"/>
        <line num="106" type="stmt" count="0"/>
        <line num="108" type="stmt" count="0"/>
        <line num="112" type="stmt" count="0"/>
        <line num="115" type="stmt" count="0"/>
        <line num="116" type="stmt" count="0"/>
        <line num="117" type="stmt" count="0"/>
        <line num="119" type="stmt" count="0"/>
        <line num="130" type="method" name="hasAnyChangedSince" visibility="public" complexity="1" crap="2" count="0"/>
        <line num="132" type="stmt" count="0"/>
        <metrics loc="134" ncloc="99" classes="1" methods="6" coveredmethods="0" conditionals="0" coveredconditionals="0" statements="30" coveredstatements="0" elements="36" coveredelements="0"/>
      </file>
    </package>
    <package name="AbterPhp\Files\Validation\Factory">
      <file name="/website/src/Validation/Factory/File.php">
        <class name="AbterPhp\Files\Validation\Factory\File" namespace="AbterPhp\Files\Validation\Factory">
          <metrics complexity="1" methods="1" coveredmethods="0" conditionals="0" coveredconditionals="0" statements="9" coveredstatements="0" elements="10" coveredelements="0"/>
        </class>
        <line num="15" type="method" name="createValidator" visibility="public" complexity="1" crap="2" count="0"/>
        <line num="17" type="stmt" count="0"/>
        <line num="20" type="stmt" count="0"/>
        <line num="21" type="stmt" count="0"/>
        <line num="24" type="stmt" count="0"/>
        <line num="25" type="stmt" count="0"/>
        <line num="28" type="stmt" count="0"/>
        <line num="29" type="stmt" count="0"/>
        <line num="30" type="stmt" count="0"/>
        <line num="32" type="stmt" count="0"/>
        <metrics loc="34" ncloc="31" classes="1" methods="1" coveredmethods="0" conditionals="0" coveredconditionals="0" statements="9" coveredstatements="0" elements="10" coveredelements="0"/>
      </file>
      <file name="/website/src/Validation/Factory/FileCategory.php">
        <class name="AbterPhp\Files\Validation\Factory\FileCategory" namespace="AbterPhp\Files\Validation\Factory">
          <metrics complexity="1" methods="1" coveredmethods="0" conditionals="0" coveredconditionals="0" statements="6" coveredstatements="0" elements="7" coveredelements="0"/>
        </class>
        <line num="15" type="method" name="createValidator" visibility="public" complexity="1" crap="2" count="0"/>
        <line num="17" type="stmt" count="0"/>
        <line num="20" type="stmt" count="0"/>
        <line num="21" type="stmt" count="0"/>
        <line num="24" type="stmt" count="0"/>
        <line num="25" type="stmt" count="0"/>
        <line num="27" type="stmt" count="0"/>
        <metrics loc="29" ncloc="26" classes="1" methods="1" coveredmethods="0" conditionals="0" coveredconditionals="0" statements="6" coveredstatements="0" elements="7" coveredelements="0"/>
      </file>
      <file name="/website/src/Validation/Factory/FileDownload.php">
        <class name="AbterPhp\Files\Validation\Factory\FileDownload" namespace="AbterPhp\Files\Validation\Factory">
          <metrics complexity="1" methods="1" coveredmethods="0" conditionals="0" coveredconditionals="0" statements="2" coveredstatements="0" elements="3" coveredelements="0"/>
        </class>
        <line num="15" type="method" name="createValidator" visibility="public" complexity="1" crap="2" count="0"/>
        <line num="17" type="stmt" count="0"/>
        <line num="19" type="stmt" count="0"/>
        <metrics loc="21" ncloc="18" classes="1" methods="1" coveredmethods="0" conditionals="0" coveredconditionals="0" statements="2" coveredstatements="0" elements="3" coveredelements="0"/>
      </file>
    </package>
    <metrics files="59" loc="4760" ncloc="3519" classes="51" methods="213" coveredmethods="58" conditionals="0" coveredconditionals="0" statements="968" coveredstatements="418" elements="1181" coveredelements="476"/>
  </project>
</coverage>
